[2021-08-31, 19:55 pm] GET /EmojiSharing?classLinkId=370?classId=400 304 185.192 ms - -
[2021-08-31, 19:55 pm] GET /styles.css 304 5.114 ms - -
[2021-08-31, 19:55 pm] GET /images/emojiSmile2.png 304 1.349 ms - -
[2021-08-31, 19:59 pm] GET /login?classLinkId=370&classId=400&submit=Login 200 49.220 ms - 2668
[2021-08-31, 19:59 pm] POST /login?classLinkId=370?classId=400 302 263.545 ms - 64
[2021-08-31, 19:59 pm] GET /sendEmoji 200 106.099 ms - 7702
[2021-08-31, 19:59 pm] GET /styles.css 304 3.179 ms - -
[2021-08-31, 19:59 pm] GET /client.js 304 1.210 ms - -
[2021-08-31, 20:03 pm] POST /sendEmoji?classLinkId=370?classId=400 200 154966.583 ms - 7702
[2021-08-31, 20:03 pm] GET /styles.css 304 2.517 ms - -
[2021-08-31, 20:03 pm] GET /client.js 304 2.439 ms - -
[2021-08-31, 20:16 pm] GET /EmojiSharing?classLinkId=370?classId=400 304 146.925 ms - -
[2021-08-31, 20:16 pm] GET /styles.css 304 8.239 ms - -
[2021-08-31, 20:16 pm] GET /images/emojiSmile2.png 304 2.343 ms - -
[2021-08-31, 21:13 pm] GET /EmojiSharing?classLinkId=370&classId=400&submit=Register 200 260.160 ms - 1526
[2021-08-31, 21:13 pm] GET /styles.css 304 5.229 ms - -
[2021-08-31, 21:13 pm] GET /images/emojiSmile2.png 304 5.493 ms - -
[2021-08-31, 21:52 pm] GET /EmojiSharing?classLinkId=370&classId=400&submit=Register 304 213.848 ms - -
[2021-08-31, 21:52 pm] GET /styles.css 304 4.573 ms - -
[2021-08-31, 21:52 pm] GET /images/emojiSmile2.png 304 2.401 ms - -
[2021-08-31, 21:53 pm] GET /register?classLinkId=370&classId=400&submit=Register 200 40487.632 ms - 4715
[2021-08-31, 21:55 pm] GET /EmojiSharing?classLinkId=370&classId=400&submit=Register 304 174.571 ms - -
[2021-08-31, 21:55 pm] GET /styles.css 304 4.820 ms - -
[2021-08-31, 21:55 pm] GET /images/emojiSmile2.png 304 4.491 ms - -
[2021-08-31, 21:55 pm] GET /register?classLinkId=370&classId=400&submit=Register 304 35107.809 ms - -
[2021-08-31, 21:57 pm] GET /register?classLinkId=370&classId=400&submit=Register 200 29450.502 ms - 4807
[2021-08-31, 21:57 pm] GET /EmojiSharing?classLinkId=300&classId=400&submit=Register 200 179.746 ms - 1521
[2021-08-31, 21:57 pm] GET /styles.css 304 6.358 ms - -
[2021-08-31, 21:57 pm] GET /images/emojiSmile2.png 304 2.423 ms - -
[2021-08-31, 21:58 pm] GET /EmojiSharing?classLinkId=300&classId=400 200 35.405 ms - 1521
[2021-08-31, 21:58 pm] GET /styles.css 304 3.057 ms - -
[2021-08-31, 21:58 pm] GET /images/emojiSmile2.png 304 2.348 ms - -
[2021-08-31, 21:58 pm] GET /register?classLinkId=300&classId=400&submit=Register 200 20981.440 ms - 4941
[2021-08-31, 21:59 pm] GET /EmojiSharing?classLinkId=&classId= - - ms - -
[2021-08-31, 21:59 pm] GET /EmojiSharing?classLinkId=&classId= - - ms - -
[2021-08-31, 22:00 pm] GET /register 200 25604.678 ms - 4931
[2021-08-31, 22:00 pm] GET /getClassLink 200 11.948 ms - 1537
[2021-08-31, 22:01 pm] POST /getClassLink 200 141.065 ms - 1537
[2021-08-31, 22:01 pm] POST /getClassLink 200 42.024 ms - 998
[2021-08-31, 22:01 pm] GET /EmojiSharing?classLinkId=411?classId=406 200 104.291 ms - 1527
[2021-08-31, 22:01 pm] GET /styles.css 304 5.822 ms - -
[2021-08-31, 22:01 pm] GET /images/emojiSmile2.png 304 2.380 ms - -
[2021-08-31, 22:01 pm] GET /login?classLinkId=411&classId=406&submit=Login 200 20.849 ms - 2668
[2021-08-31, 22:02 pm] GET /login?classLinkId=300&classId=406&submit=Login 200 13.848 ms - 2668
[2021-08-31, 22:02 pm] POST /login?classLinkId=300?classId=406 302 105.261 ms - 62
[2021-08-31, 22:02 pm] GET /register 200 30481.479 ms - 4941
[2021-08-31, 22:03 pm] GET /getClassLink 200 88.990 ms - 1537
[2021-08-31, 22:03 pm] POST /getClassLink 200 159.026 ms - 997
[2021-08-31, 22:04 pm] GET /EmojiSharing?classLinkId=370?classId=400 304 159.531 ms - -
[2021-08-31, 22:04 pm] GET /styles.css 304 5.798 ms - -
[2021-08-31, 22:04 pm] GET /images/emojiSmile2.png 304 3.171 ms - -
[2021-08-31, 22:04 pm] GET /register?classLinkId=370&classId=400&submit=Register 304 5472.534 ms - -
[2021-08-31, 22:04 pm] POST /signUp?classLinkId=370?classId=400 200 155.257 ms - 4022
[2021-08-31, 22:04 pm] GET /login?classLinkId=not_found?classId=[object%20Object] 200 87.340 ms - 2749
[2021-08-31, 22:05 pm] POST /login?classLinkId=not_found?classId=[object%20Object]?classId= 302 120.717 ms - 62
[2021-08-31, 22:05 pm] GET /register 200 12901.608 ms - 4931
[2021-08-31, 22:05 pm] GET /getClassLink 200 47.224 ms - 1537
[2021-08-31, 22:05 pm] POST /getClassLink 200 83.398 ms - 997
[2021-08-31, 22:05 pm] GET /EmojiSharing?classLinkId=370?classId=400 304 72.310 ms - -
[2021-08-31, 22:05 pm] GET /styles.css 304 2.866 ms - -
[2021-08-31, 22:05 pm] GET /images/emojiSmile2.png 304 2.803 ms - -
[2021-08-31, 22:05 pm] GET /login?classLinkId=370&classId=400&submit=Login 304 52.327 ms - -
[2021-08-31, 22:06 pm] POST /login?classLinkId=370?classId=400 302 515.505 ms - 64
[2021-08-31, 22:06 pm] GET /sendEmoji 200 95.508 ms - 7702
[2021-08-31, 22:06 pm] GET /styles.css 304 2.292 ms - -
[2021-08-31, 22:06 pm] GET /client.js 304 3.297 ms - -
[2021-08-31, 22:06 pm] POST /login?classLinkId=370?classId=400 302 483.073 ms - 64
[2021-08-31, 22:06 pm] GET /sendEmoji 200 84.466 ms - 7702
[2021-08-31, 22:06 pm] GET /styles.css 304 2.331 ms - -
[2021-08-31, 22:06 pm] GET /client.js 304 4.916 ms - -
[2021-08-31, 22:06 pm] POST /login?classLinkId=370?classId=400 302 91.301 ms - 62
[2021-08-31, 22:06 pm] GET /register 200 31404.641 ms - 4807
[2021-08-31, 22:07 pm] POST /login?classLinkId=370?classId=400 302 67.777 ms - 62
[2021-08-31, 22:13 pm] GET /register 200 342370.119 ms - 4807
[2021-08-31, 22:13 pm] POST /login?classLinkId=370?classId=400 302 195.564 ms - 62
[2021-08-31, 22:14 pm] GET /register - - ms - -
[2021-08-31, 22:16 pm] POST /login?classLinkId=370?classId=400 302 198.829 ms - 62
[2021-08-31, 22:16 pm] GET /register 200 13264.975 ms - 2942
[2021-08-31, 22:16 pm] GET /favicon.ico - - ms - -
[2021-08-31, 22:16 pm] GET /register?classLinkId=370?classId=400 200 7671.958 ms - 2942
[2021-08-31, 22:19 pm] GET /login?classLinkId=370?classId=400 200 181.645 ms - 4087
[2021-08-31, 22:19 pm] GET /login?classLinkId=370?classId=400?classId= 200 84.681 ms - 4114
[2021-08-31, 22:19 pm] GET /login?classLinkId=370?classId=400?classId=?classId= 200 77.471 ms - 4141
[2021-08-31, 22:19 pm] GET /login?classLinkId=370?classId=400?classId=?classId=?classId= 200 84.243 ms - 4168
[2021-08-31, 22:22 pm] GET /login?classLinkId=370?classId=400?classId=?classId=?classId=?classId= 200 91386.553 ms - 4195
[2021-08-31, 22:22 pm] GET /login?classLinkId=370?classId=400?classId=?classId=?classId=?classId=?classId= 200 7186.228 ms - 4222
[2021-08-31, 22:22 pm] GET /login?classLinkId=370?classId=400?classId=?classId=?classId=?classId=?classId=?classId= 200 114.737 ms - 4249
[2021-08-31, 22:22 pm] GET /login?classLinkId=370?classId=400?classId=?classId=?classId=?classId=?classId=?classId=?classId= 200 73.389 ms - 4276
[2021-08-31, 22:22 pm] POST /register?classLinkId=370?classId=400?classId=?classId=?classId=?classId=?classId=?classId=?classId=?classId= 200 549.215 ms - 4077
[2021-08-31, 22:23 pm] GET /login?classLinkId=not_found?classId=[object%20Object] 200 15963.439 ms - 4141
[2021-08-31, 22:23 pm] GET /getClassLink 200 57.336 ms - 1537
[2021-08-31, 22:23 pm] POST /getClassLink 200 82.759 ms - 997
[2021-08-31, 22:23 pm] GET /EmojiSharing?classLinkId=370?classId=400 304 151.419 ms - -
[2021-08-31, 22:23 pm] GET /styles.css 304 5.277 ms - -
[2021-08-31, 22:23 pm] GET /images/emojiSmile2.png 304 2.564 ms - -
[2021-08-31, 22:24 pm] GET /login?classLinkId=370&classId=400&submit=Login 200 4836.510 ms - 7707
[2021-08-31, 22:24 pm] GET /styles.css 304 2.651 ms - -
[2021-08-31, 22:24 pm] GET /client.js 304 3.373 ms - -
[2021-08-31, 22:24 pm] GET /register?classLinkId=370&classId=400&submit=Register 500 5837.302 ms - 2620
[2021-08-31, 22:26 pm] GET /register?classLinkId=370&classId=400&submit=Register 200 5738.169 ms - 4851
[2021-08-31, 22:26 pm] POST /register?classLinkId=370?classId=400 200 626.107 ms - 4022
[2021-08-31, 22:27 pm] POST /register?classLinkId=370?classId=400 200 423.904 ms - 4077
[2021-08-31, 22:28 pm] POST /register?classLinkId=370?classId=400 200 28719.380 ms - 4077
[2021-08-31, 22:30 pm] POST /register?classLinkId=370?classId=400 200 3317.093 ms - 4024
[2021-08-31, 22:33 pm] GET /login?classLinkId=370&classId=400&submit=Login 304 134657.487 ms - -
[2021-08-31, 22:33 pm] GET /styles.css 304 7.330 ms - -
[2021-08-31, 22:33 pm] GET /client.js 200 11.333 ms - 897
[2021-08-31, 22:34 pm] POST /sendEmoji?classLinkId=370?classId=400 200 4855.949 ms - 7702
[2021-08-31, 22:34 pm] GET /styles.css 304 3.340 ms - -
[2021-08-31, 22:34 pm] GET /client.js 304 2.484 ms - -
[2021-08-31, 22:34 pm] GET /sendEmoji?classLinkId=370?classId=400 200 168.164 ms - 7702
[2021-08-31, 22:34 pm] GET /styles.css 304 5.247 ms - -
[2021-08-31, 22:34 pm] GET /client.js 304 2.436 ms - -
[2021-08-31, 22:34 pm] POST /sendEmoji?classLinkId=370?classId=400 200 6122.696 ms - 7702
[2021-08-31, 22:34 pm] GET /styles.css 304 2.935 ms - -
[2021-08-31, 22:34 pm] GET /client.js 304 2.422 ms - -
[2021-08-31, 22:34 pm] POST /history?classLinkId=370?classId=400 200 461.450 ms - 19938
[2021-08-31, 22:34 pm] GET /styles.css 304 2.599 ms - -
[2021-08-31, 22:34 pm] POST /sendEmoji?classLinkId=370?classId=400 200 353.554 ms - 7702
[2021-08-31, 22:34 pm] GET /client.js 304 3.786 ms - -
[2021-08-31, 22:34 pm] GET /styles.css 304 2.403 ms - -
[2021-09-01, 17:44 pm] GET / 200 180.090 ms - 1696
[2021-09-01, 17:44 pm] GET /favicon.ico - - ms - -
[2021-09-01, 17:44 pm] GET / 302 14.403 ms - 76
[2021-09-01, 17:44 pm] GET /instructorLogin 200 10.161 ms - 2796
[2021-09-01, 17:44 pm] POST /instructorLogin 302 159.948 ms - 66
[2021-09-01, 17:44 pm] GET /instructor 200 843.503 ms - 12327
[2021-09-01, 17:44 pm] GET /styles.css 304 4.934 ms - -
[2021-09-01, 17:45 pm] GET /EmojiSharing?classLinkId=370?classId=400 304 155.461 ms - -
[2021-09-01, 17:45 pm] GET /styles.css 304 3.638 ms - -
[2021-09-01, 17:45 pm] GET /images/emojiSmile2.png 200 7.833 ms - 129038
[2021-09-01, 17:46 pm] GET /register?classLinkId=370&classId=400&submit=Register - - ms - -
[2021-09-01, 17:47 pm] GET /register?classLinkId=370&classId=400&submit=Register 200 169.035 ms - 4641
[2021-09-01, 17:47 pm] GET /favicon.ico - - ms - -
[2021-09-01, 17:47 pm] GET /register?classLinkId=370&classId=400&submit=Register 304 62.268 ms - -
[2021-09-01, 17:49 pm] GET /register?classLinkId=370&classId=400&submit=Register 304 51435.616 ms - -
[2021-09-01, 17:54 pm] GET /register?classLinkId=370?classId=400 200 21339.160 ms - 4807
[2021-09-01, 17:56 pm] POST /register?classLinkId=370?classId=400 200 77321.202 ms - 2989
[2021-09-01, 17:58 pm] POST /login?classLinkId=370?classId=400 302 337.087 ms - 64
[2021-09-01, 18:01 pm] GET /sendEmoji 200 175094.933 ms - 7705
[2021-09-01, 18:01 pm] GET /styles.css 304 6.882 ms - -
[2021-09-01, 18:01 pm] GET /client.js 304 1.578 ms - -
[2021-09-01, 18:02 pm] POST /sendEmoji?classLinkId=370?classId=400 200 4913.214 ms - 7705
[2021-09-01, 18:02 pm] GET /styles.css 304 2.634 ms - -
[2021-09-01, 18:02 pm] GET /client.js 304 1.082 ms - -
[2021-09-01, 18:03 pm] POST /sendEmoji?classLinkId=370?classId=400 200 275.675 ms - 7705
[2021-09-01, 18:03 pm] GET /client.js 304 5.513 ms - -
[2021-09-01, 18:03 pm] GET /styles.css 304 8.019 ms - -
[2021-09-01, 18:04 pm] POST /sendEmoji?classLinkId=370?classId=400 200 291.982 ms - 7705
[2021-09-01, 18:04 pm] GET /styles.css 304 3.852 ms - -
[2021-09-01, 18:04 pm] GET /client.js 304 3.684 ms - -
[2021-09-01, 18:05 pm] POST /sendEmoji?classLinkId=370?classId=400 200 484.920 ms - 7705
[2021-09-01, 18:05 pm] GET /styles.css 304 6.399 ms - -
[2021-09-01, 18:05 pm] GET /client.js 304 8.067 ms - -
[2021-09-01, 18:06 pm] POST /sendEmoji?classLinkId=370?classId=400 200 278.019 ms - 7705
[2021-09-01, 18:06 pm] GET /styles.css 304 2.415 ms - -
[2021-09-01, 18:06 pm] GET /client.js 304 2.957 ms - -
[2021-09-01, 18:07 pm] POST /sendEmoji?classLinkId=370?classId=400 200 486.901 ms - 7705
[2021-09-01, 18:07 pm] GET /styles.css 304 3.081 ms - -
[2021-09-01, 18:07 pm] GET /client.js 304 0.985 ms - -
[2021-09-01, 18:08 pm] POST /sendEmoji?classLinkId=370?classId=400 200 280.380 ms - 7705
[2021-09-01, 18:08 pm] GET /client.js 304 6.464 ms - -
[2021-09-01, 18:08 pm] GET /styles.css 304 9.121 ms - -
[2021-09-01, 18:09 pm] GET /EmojiSharing?classLinkId=364?classId=394 200 85.085 ms - 1526
[2021-09-01, 18:09 pm] GET /styles.css 304 2.423 ms - -
[2021-09-01, 18:09 pm] GET /images/emojiSmile2.png 304 2.548 ms - -
[2021-09-01, 18:09 pm] GET /register?classLinkId=364&classId=394&submit=Register 200 17616.051 ms - 4641
[2021-09-01, 18:29 pm] POST /register?classLinkId=364?classId=394 200 44406.823 ms - 2990
[2021-09-01, 18:29 pm] POST /login?classLinkId=364?classId=394 302 297.024 ms - 64
[2021-09-01, 18:30 pm] GET /sendEmoji 200 91342.367 ms - 7706
[2021-09-01, 18:30 pm] GET /styles.css 304 5.409 ms - -
[2021-09-01, 18:30 pm] GET /client.js 304 3.544 ms - -
[2021-09-01, 18:31 pm] POST /sendEmoji?classLinkId=364?classId=394 200 9103.062 ms - 7706
[2021-09-01, 18:31 pm] GET /styles.css 304 2.954 ms - -
[2021-09-01, 18:31 pm] GET /client.js 304 4.088 ms - -
[2021-09-01, 18:33 pm] GET /EmojiSharing?classLinkId=364?classId=394 304 219.165 ms - -
[2021-09-01, 18:33 pm] GET /styles.css 304 5.280 ms - -
[2021-09-01, 18:33 pm] GET /images/emojiSmile2.png 304 3.451 ms - -
[2021-09-01, 18:34 pm] GET /register?classLinkId=364&classId=394&submit=Register 304 89.259 ms - -
[2021-09-01, 18:35 pm] POST /signUp?classLinkId=364?classId=394 200 119.198 ms - 3948
[2021-09-01, 18:37 pm] POST /signUp?classLinkId=364?classId=394 200 81250.577 ms - 3948
[2021-09-01, 18:38 pm] POST /register?classLinkId=?classId= 200 32544.099 ms - 2990
[2021-09-01, 18:38 pm] POST /login?classLinkId=364?classId=394 302 290.022 ms - 64
[2021-09-01, 18:39 pm] GET /sendEmoji 200 57064.855 ms - 7706
[2021-09-01, 18:39 pm] GET /client.js 304 11.418 ms - -
[2021-09-01, 18:39 pm] GET /styles.css 304 14.128 ms - -
[2021-09-01, 18:39 pm] POST /sendEmoji?classLinkId=364?classId=394 200 7107.437 ms - 7706
[2021-09-01, 18:39 pm] GET /styles.css 304 2.867 ms - -
[2021-09-01, 18:39 pm] GET /client.js 304 3.233 ms - -
[2021-09-01, 18:40 pm] POST /history?classLinkId=364?classId=394 200 383.806 ms - 9815
[2021-09-01, 18:40 pm] GET /styles.css 304 1.384 ms - -
[2021-09-01, 18:43 pm] GET /EmojiSharing?classLinkId=340?classId=390 200 227.535 ms - 1529
[2021-09-01, 18:43 pm] GET /styles.css 304 5.395 ms - -
[2021-09-01, 18:43 pm] GET /images/emojiSmile2.png 304 2.448 ms - -
[2021-09-01, 18:44 pm] GET /register?classLinkId=340&classId=390&submit=Register 200 93.703 ms - 4641
[2021-09-01, 18:46 pm] POST /register?classLinkId=340?classId=390 200 93360.419 ms - 4892
[2021-09-01, 18:50 pm] GET /register?classLinkId=340?classId=390 200 163.717 ms - 4807
[2021-09-01, 18:51 pm] POST /register?classLinkId=340?classId=390 200 31651.963 ms - 4883
[2021-09-01, 18:56 pm] GET /register?classLinkId=340?classId=390 200 168.574 ms - 4807
[2021-09-01, 20:16 pm] POST /register?classLinkId=340?classId=390 200 291797.473 ms - 2989
[2021-09-01, 20:18 pm] POST /register?classLinkId=340?classId=390 200 60681.288 ms - 2989
[2021-09-01, 20:18 pm] POST /login?classLinkId=340?classId=390 302 181.292 ms - 64
[2021-09-01, 20:18 pm] GET /sendEmoji 200 97.990 ms - 7708
[2021-09-01, 20:18 pm] GET /styles.css 304 2.064 ms - -
[2021-09-01, 20:18 pm] GET /client.js 304 0.803 ms - -
[2021-09-01, 20:18 pm] GET /styles.css 304 0.880 ms - -
[2021-09-01, 20:18 pm] GET /client.js 304 1.138 ms - -
[2021-09-01, 20:18 pm] POST /sendEmoji?classLinkId=340?classId=390 200 573.666 ms - 7708
[2021-09-01, 20:20 pm] POST /register?classLinkId=340?classId=390 200 52478.904 ms - 3004
[2021-09-01, 20:21 pm] POST /login?classLinkId=340?classId=390 302 139.217 ms - 64
[2021-09-01, 20:21 pm] GET /sendEmoji 200 70.529 ms - 7708
[2021-09-01, 20:21 pm] GET /styles.css 304 0.597 ms - -
[2021-09-01, 20:21 pm] GET /client.js 304 0.635 ms - -
[2021-09-01, 20:26 pm] POST /register?classLinkId=340?classId=390 200 55317.528 ms - 2989
[2021-09-01, 20:27 pm] POST /register?classLinkId=340?classId=390 200 4446.169 ms - 2989
[2021-09-01, 20:27 pm] GET /register?classLinkId=340?classId=390 200 158.570 ms - 4807
[2021-09-01, 20:28 pm] POST /signUp?classLinkId=340?classId=390 200 80018.045 ms - 3004
[2021-09-01, 20:28 pm] POST /login?classLinkId=340?classId=390 302 196.965 ms - 64
[2021-09-01, 20:28 pm] GET /sendEmoji 200 105.727 ms - 7708
[2021-09-01, 20:28 pm] GET /styles.css 304 1.333 ms - -
[2021-09-01, 20:28 pm] GET /client.js 304 1.032 ms - -
[2021-09-01, 20:29 pm] POST /sendEmoji?classLinkId=340?classId=390 200 332.867 ms - 7708
[2021-09-01, 20:29 pm] GET /styles.css 304 3.614 ms - -
[2021-09-01, 20:29 pm] GET /client.js 304 0.864 ms - -
[2021-09-01, 20:30 pm] GET /styles.css 304 0.966 ms - -
[2021-09-01, 20:30 pm] POST /sendEmoji?classLinkId=340?classId=390 200 269.060 ms - 7708
[2021-09-01, 20:30 pm] GET /client.js 304 2.125 ms - -
[2021-09-01, 20:31 pm] GET /styles.css 304 1.133 ms - -
[2021-09-01, 20:31 pm] GET /client.js 304 0.871 ms - -
[2021-09-01, 20:31 pm] POST /sendEmoji?classLinkId=340?classId=390 200 261.030 ms - 7708
[2021-09-01, 20:32 pm] POST /sendEmoji?classLinkId=340?classId=390 200 288.942 ms - 7708
[2021-09-01, 20:32 pm] GET /styles.css 304 0.925 ms - -
[2021-09-01, 20:32 pm] GET /client.js 304 0.810 ms - -
[2021-09-01, 20:33 pm] POST /sendEmoji?classLinkId=340?classId=390 200 348.329 ms - 7708
[2021-09-01, 20:33 pm] GET /styles.css 304 0.821 ms - -
[2021-09-01, 20:33 pm] GET /client.js 304 1.335 ms - -
[2021-09-01, 20:33 pm] GET /EmojiSharing?classLinkId=364?classId=394 304 80.720 ms - -
[2021-09-01, 20:33 pm] GET /styles.css 304 0.878 ms - -
[2021-09-01, 20:33 pm] GET /images/emojiSmile2.png 200 2.064 ms - 129038
[2021-09-01, 20:34 pm] GET /login?classLinkId=364&classId=394&submit=Login 200 58.544 ms - 4946
[2021-09-01, 20:35 pm] GET /login?classLinkId=364&classId=394&submit=Login 304 61.661 ms - -
[2021-09-01, 20:38 pm] GET /login?classLinkId=364&classId=394&submit=Login 200 7938.594 ms - 2668
[2021-09-01, 20:40 pm] POST /login?classLinkId=364?classId=394 302 43709.753 ms - 62
[2021-09-01, 20:40 pm] GET /register 200 94.911 ms - 4854
[2021-09-01, 20:46 pm] GET /EmojiSharing?classLinkId=364?classId=394 200 93.000 ms - 1526
[2021-09-01, 20:46 pm] GET /styles.css 304 1.242 ms - -
[2021-09-01, 20:46 pm] GET /images/emojiSmile2.png 304 1.274 ms - -
[2021-09-01, 20:46 pm] GET /login?classLinkId=364&classId=394&submit=Login 304 7204.786 ms - -
[2021-09-01, 20:47 pm] POST /login?classLinkId=364?classId=394 302 24417.343 ms - 62
[2021-09-01, 20:47 pm] GET /register 200 94.442 ms - 4901
[2021-09-01, 20:49 pm] POST /signUp?classLinkId=364?classId=394 200 79268.539 ms - 2989
[2021-09-01, 20:50 pm] POST /login?classLinkId=364?classId=394 302 20008.761 ms - 64
[2021-09-01, 20:51 pm] GET /sendEmoji 200 44699.653 ms - 7705
[2021-09-01, 20:51 pm] GET /styles.css 304 2.936 ms - -
[2021-09-01, 20:51 pm] GET /client.js 304 1.846 ms - -
[2021-09-01, 20:51 pm] GET /styles.css 304 0.985 ms - -
[2021-09-01, 20:51 pm] GET /client.js 304 0.775 ms - -
[2021-09-01, 20:51 pm] POST /sendEmoji?classLinkId=364?classId=394 200 276.120 ms - 7705
[2021-09-01, 20:51 pm] POST /history?classLinkId=364?classId=394 200 402.425 ms - 10375
[2021-09-01, 20:51 pm] GET /styles.css 304 0.816 ms - -
[2021-09-01, 20:52 pm] GET /history?classLinkId=364?classId=394 - - ms - -
[2021-09-01, 20:53 pm] GET /login?classLinkId=364&classId=394&submit=Login 304 13.661 ms - -
[2021-09-01, 20:54 pm] POST /login?classLinkId=364?classId=394 302 30844.235 ms - 62
[2021-09-01, 20:54 pm] GET /register 200 18765.699 ms - 4901
[2021-09-01, 20:55 pm] POST /register?classLinkId=364?classId=394 200 34381.086 ms - 2989
[2021-09-01, 20:56 pm] POST /login?classLinkId=364?classId=394 302 6856.029 ms - 64
[2021-09-01, 20:56 pm] GET /sendEmoji 200 71.375 ms - 7705
[2021-09-01, 20:56 pm] GET /styles.css 304 1.087 ms - -
[2021-09-01, 20:56 pm] GET /client.js 304 0.988 ms - -
[2021-09-01, 20:57 pm] POST /sendEmoji?classLinkId=364?classId=394 200 259.261 ms - 3106
[2021-09-01, 21:03 pm] GET /EmojiSharing?classLinkId=364?classId=394 304 18.949 ms - -
[2021-09-01, 21:03 pm] GET /styles.css 304 1.205 ms - -
[2021-09-01, 21:03 pm] GET /images/emojiSmile2.png 304 0.582 ms - -
[2021-09-01, 21:03 pm] GET /login?classLinkId=364&classId=394&submit=Login 304 4314.621 ms - -
[2021-09-01, 21:04 pm] POST /login?classLinkId=364?classId=394 302 30865.302 ms - 62
[2021-09-01, 21:04 pm] GET /register 200 60.112 ms - 4841
[2021-09-01, 21:05 pm] POST /signUp?classLinkId=364?classId=394 200 25908.661 ms - 4846
[2021-09-01, 21:06 pm] POST /register?classLinkId=364?classId=394 200 20405.016 ms - 4846
[2021-09-01, 21:15 pm] GET /login?classLinkId=364&classId=394&submit=Login 200 2477.651 ms - 2668
[2021-09-01, 21:15 pm] POST /login?classLinkId=364?classId=394 302 4988.677 ms - 62
[2021-09-01, 21:15 pm] GET /register 200 143.162 ms - 4841
[2021-09-01, 21:18 pm] POST /signUp?classLinkId=364?classId=394 200 164641.326 ms - 4912
[2021-09-01, 21:19 pm] POST /login?classLinkId=364?classId=394 302 3052.820 ms - 62
[2021-09-01, 21:19 pm] GET /register 200 111.233 ms - 4841
[2021-09-01, 21:21 pm] GET /login?classLinkId=364&classId=394&submit=Login 304 4465.597 ms - -
[2021-09-01, 21:21 pm] POST /login?classLinkId=364?classId=394 302 6498.197 ms - 62
[2021-09-01, 21:21 pm] GET /register 200 7979.869 ms - 4841
[2021-09-01, 21:22 pm] POST /signUp?classLinkId=364?classId=394 200 7550.749 ms - 4912
[2021-09-01, 21:26 pm] POST /register?classLinkId=not_found?classId=not_found 200 151311.988 ms - 4914
[2021-09-01, 21:35 pm] GET /login?classLinkId=364&classId=394&submit=Login 304 18503.756 ms - -
[2021-09-01, 21:36 pm] POST /login?classLinkId=364?classId=394 302 13929.997 ms - 62
[2021-09-01, 21:36 pm] GET /register 200 84.469 ms - 4841
[2021-09-01, 21:37 pm] POST /signUp?classLinkId=364?classId=394 200 9445.936 ms - 3934
[2021-09-01, 21:38 pm] POST /register?classLinkId=?classId= 200 54378.143 ms - 2990
[2021-09-01, 21:39 pm] POST /login?classLinkId=364?classId=394 302 5985.514 ms - 64
[2021-09-01, 21:39 pm] GET /sendEmoji 200 107.379 ms - 7706
[2021-09-01, 21:39 pm] GET /styles.css 304 1.220 ms - -
[2021-09-01, 21:39 pm] GET /client.js 304 0.665 ms - -
[2021-09-01, 21:39 pm] POST /sendEmoji?classLinkId=364?classId=394 200 350.582 ms - 7706
[2021-09-01, 21:39 pm] GET /styles.css 304 1.587 ms - -
[2021-09-01, 21:39 pm] GET /client.js 304 0.885 ms - -
[2021-09-01, 21:39 pm] POST /sendEmoji?classLinkId=364?classId=394 200 515.963 ms - 7706
[2021-09-01, 21:39 pm] GET /styles.css 304 1.993 ms - -
[2021-09-01, 21:39 pm] GET /client.js 304 2.684 ms - -
[2021-09-01, 21:39 pm] POST /sendEmoji?classLinkId=364?classId=394 200 315.157 ms - 7706
[2021-09-01, 21:39 pm] GET /styles.css 304 2.094 ms - -
[2021-09-01, 21:39 pm] GET /client.js 304 3.807 ms - -
[2021-09-01, 21:39 pm] GET /styles.css 304 0.844 ms - -
[2021-09-01, 21:39 pm] POST /history?classLinkId=364?classId=394 200 349.455 ms - 11495
[2021-09-01, 21:40 pm] POST /sendEmoji?classLinkId=364?classId=394 200 268.596 ms - 7706
[2021-09-01, 21:40 pm] GET /styles.css 304 0.822 ms - -
[2021-09-01, 21:40 pm] GET /client.js 304 0.784 ms - -
[2021-09-01, 21:40 pm] GET /history?classLinkId=364?classId=394 - - ms - -
[2021-09-01, 21:41 pm] GET /EmojiSharing?classLinkId=364?classId=394 304 43.530 ms - -
[2021-09-01, 21:41 pm] GET /styles.css 304 0.664 ms - -
[2021-09-01, 21:41 pm] GET /images/emojiSmile2.png 304 0.543 ms - -
[2021-09-01, 21:42 pm] GET /login?classLinkId=364&classId=394&submit=Login 304 2349.051 ms - -
[2021-09-01, 21:42 pm] POST /login?classLinkId=364?classId=394 302 2260.467 ms - 62
[2021-09-01, 21:42 pm] GET /register 200 51.228 ms - 4841
[2021-09-01, 21:43 pm] POST /register?classLinkId=364?classId=394 200 29487.502 ms - 2990
[2021-09-01, 21:43 pm] POST /login?classLinkId=364?classId=394 302 2527.771 ms - 64
[2021-09-01, 21:43 pm] GET /sendEmoji 200 85.450 ms - 7706
[2021-09-01, 21:43 pm] GET /styles.css 304 0.863 ms - -
[2021-09-01, 21:43 pm] GET /client.js 304 1.090 ms - -
[2021-09-01, 21:44 pm] GET /EmojiSharing?classLinkId=364?classId=394 304 17.799 ms - -
[2021-09-01, 21:44 pm] GET /styles.css 304 0.624 ms - -
[2021-09-01, 21:44 pm] GET /images/emojiSmile2.png 304 0.591 ms - -
[2021-09-01, 21:44 pm] GET /register?classLinkId=364&classId=394&submit=Register 200 19.086 ms - 4635
[2021-09-01, 21:46 pm] POST /signUp?classLinkId=364?classId=394 200 57757.084 ms - 3002
[2021-09-01, 21:46 pm] POST /login?classLinkId=364?classId=394 302 2036.429 ms - 64
[2021-09-01, 21:46 pm] GET /styles.css 304 0.597 ms - -
[2021-09-01, 21:46 pm] GET /client.js 304 0.796 ms - -
[2021-09-01, 21:46 pm] GET /sendEmoji 200 207.035 ms - 7706
[2021-09-01, 21:47 pm] GET /EmojiSharing?classLinkId=364?classId=394 304 33.942 ms - -
[2021-09-01, 21:47 pm] GET /styles.css 304 0.984 ms - -
[2021-09-01, 21:47 pm] GET /images/emojiSmile2.png 304 0.598 ms - -
[2021-09-01, 21:47 pm] GET /register?classLinkId=364&classId=394&submit=Register 304 24.637 ms - -
[2021-09-01, 21:48 pm] POST /register?classLinkId=364?classId=394 200 27132.098 ms - 3002
[2021-09-01, 21:48 pm] POST /login?classLinkId=364?classId=394 302 2114.811 ms - 64
[2021-09-01, 21:48 pm] GET /sendEmoji 200 57.865 ms - 7706
[2021-09-01, 21:48 pm] GET /styles.css 304 1.083 ms - -
[2021-09-01, 21:48 pm] GET /client.js 304 0.773 ms - -
[2021-09-01, 21:49 pm] GET /register?classLinkId=364?classId=394 200 20.287 ms - 4793
[2021-09-01, 21:49 pm] GET /login?classLinkId=364?classId=394 200 1875.375 ms - 2722
[2021-09-01, 21:49 pm] POST /login?classLinkId=364?classId=394?classId=not_found 302 2769.646 ms - 62
[2021-09-01, 21:49 pm] GET /register 200 69.328 ms - 4901
[2021-09-01, 21:49 pm] POST /signUp?classLinkId=364?classId=394 200 5825.272 ms - 2989
[2021-09-01, 21:50 pm] POST /login?classLinkId=364?classId=394 302 3115.582 ms - 62
[2021-09-01, 21:50 pm] GET /register 200 59.998 ms - 4901
[2021-09-01, 21:51 pm] POST /login?classLinkId=364?classId=394 302 44568.286 ms - 62
[2021-09-01, 21:51 pm] GET /register 200 15781.361 ms - 4794
[2021-09-01, 21:52 pm] GET /forget-password 200 9671.243 ms - 904
[2021-09-01, 21:52 pm] GET /forget-password 200 74.722 ms - 904
[2021-09-01, 21:52 pm] POST /forget-password 200 71.791 ms - 836
[2021-09-01, 21:53 pm] GET /login?classLinkId=364?classId=394 200 2209.236 ms - 2722
[2021-09-01, 21:53 pm] POST /login?classLinkId=364?classId=394?classId=not_found 302 11706.625 ms - 62
[2021-09-01, 21:53 pm] GET /register 200 58.733 ms - 4901
[2021-09-01, 21:55 pm] GET /getClassLink 200 41.333 ms - 1537
[2021-09-01, 21:55 pm] POST /getClassLink 200 182.882 ms - 997
[2021-09-01, 21:55 pm] GET /EmojiSharing?classLinkId=364?classId=394 304 61.539 ms - -
[2021-09-01, 21:55 pm] GET /styles.css 304 1.051 ms - -
[2021-09-01, 21:55 pm] GET /images/emojiSmile2.png 304 1.680 ms - -
[2021-09-01, 21:55 pm] GET /login?classLinkId=364&classId=394&submit=Login 304 4012.219 ms - -
[2021-09-01, 21:56 pm] POST /login?classLinkId=364?classId=394 302 9972.173 ms - 62
[2021-09-01, 21:56 pm] GET /register 200 58.051 ms - 4794
[2021-09-01, 21:57 pm] GET /EmojiSharing?classLinkId=364?classId=394 304 50.773 ms - -
[2021-09-01, 21:57 pm] GET /styles.css 304 0.632 ms - -
[2021-09-01, 21:57 pm] GET /images/emojiSmile2.png 304 0.618 ms - -
[2021-09-01, 21:57 pm] GET /login?classLinkId=364&classId=394&submit=Login 304 3066.825 ms - -
[2021-09-01, 21:58 pm] POST /login?classLinkId=364?classId=394 302 35398.984 ms - 64
[2021-09-01, 21:58 pm] GET /styles.css 304 0.740 ms - -
[2021-09-01, 21:58 pm] GET /client.js 304 0.632 ms - -
[2021-09-01, 21:58 pm] GET /sendEmoji 200 122.213 ms - 7706
[2021-09-01, 21:59 pm] POST /login?classLinkId=364?classId=394 302 22473.677 ms - 64
[2021-09-01, 21:59 pm] GET /sendEmoji 200 69.475 ms - 7706
[2021-09-01, 21:59 pm] GET /styles.css 304 0.951 ms - -
[2021-09-01, 21:59 pm] GET /client.js 304 0.793 ms - -
[2021-09-01, 22:05 pm] GET /login?classLinkId=?classId= 200 2631.830 ms - 3131
[2021-09-01, 22:05 pm] POST /login?classLinkId=?classId=?classId=not_found 302 2096.296 ms - 62
[2021-09-01, 22:05 pm] GET /register 200 61.863 ms - 4841
[2021-09-01, 22:06 pm] POST /signUp?classLinkId=364?classId=394 200 1943.905 ms - 4846
[2021-09-01, 22:06 pm] POST /register?classLinkId=364?classId=394 200 5161.257 ms - 2990
[2021-09-01, 22:06 pm] POST /login?classLinkId=364?classId=394 302 1995.903 ms - 64
[2021-09-01, 22:06 pm] GET /client.js 304 1.726 ms - -
[2021-09-01, 22:06 pm] GET /styles.css 304 0.681 ms - -
[2021-09-01, 22:06 pm] GET /sendEmoji 200 99.954 ms - 7706
[2021-09-01, 22:13 pm] GET /styles.css 200 3.088 ms - 5537
[2021-09-01, 22:13 pm] GET /client.js 304 0.792 ms - -
[2021-09-01, 22:13 pm] POST /sendEmoji?classLinkId=364?classId=394 200 343529.980 ms - 7706
[2021-09-01, 22:15 pm] POST /sendEmoji?classLinkId=364?classId=394 200 49168.863 ms - 7706
[2021-09-01, 22:15 pm] GET /styles.css 304 1.808 ms - -
[2021-09-01, 22:15 pm] GET /client.js 304 1.656 ms - -
[2021-09-01, 22:17 pm] POST /sendEmoji?classLinkId=364?classId=394 200 85398.444 ms - 7706
[2021-09-01, 22:17 pm] GET /client.js 304 1.614 ms - -
[2021-09-01, 22:17 pm] GET /styles.css 304 2.817 ms - -
[2021-09-01, 22:17 pm] GET /register?classLinkId=443?classId=419 200 78.648 ms - 4793
[2021-09-01, 22:18 pm] GET /register?classLinkId=443?classId=419 304 28.199 ms - -
[2021-09-01, 22:20 pm] POST /signUp?classLinkId=443?classId=419 200 130117.240 ms - 3007
[2021-09-01, 22:21 pm] POST /login?classLinkId=364?classId=394 302 16154.333 ms - 64
[2021-09-01, 22:21 pm] GET /sendEmoji 200 149.068 ms - 3106
[2021-09-01, 22:21 pm] GET /getClassLink 200 37.890 ms - 1537
[2021-09-01, 22:21 pm] POST /getClassLink 200 80.568 ms - 997
[2021-09-01, 22:21 pm] GET /EmojiSharing?classLinkId=364?classId=394 304 94.205 ms - -
[2021-09-01, 22:21 pm] GET /styles.css 304 1.349 ms - -
[2021-09-01, 22:21 pm] GET /images/emojiSmile2.png 304 0.528 ms - -
[2021-09-01, 22:21 pm] GET /styles.css 304 0.621 ms - -
[2021-09-01, 22:21 pm] GET /login?classLinkId=364&classId=394&submit=Login 200 2481.478 ms - 7717
[2021-09-01, 22:21 pm] GET /client.js 304 2.005 ms - -
[2021-09-01, 22:21 pm] POST /sendEmoji?classLinkId=364?classId=394 200 2577.576 ms - 7712
[2021-09-01, 22:21 pm] GET /styles.css 304 1.073 ms - -
[2021-09-01, 22:21 pm] GET /client.js 304 1.137 ms - -
[2021-09-01, 22:21 pm] POST /sendEmoji?classLinkId=364?classId=394 200 3094.327 ms - 7712
[2021-09-01, 22:21 pm] GET /styles.css 304 0.973 ms - -
[2021-09-01, 22:21 pm] GET /client.js 304 1.049 ms - -
[2021-09-01, 22:21 pm] GET /styles.css 304 0.562 ms - -
[2021-09-01, 22:21 pm] POST /history?classLinkId=364?classId=394 200 371.752 ms - 15295
[2021-09-01, 22:23 pm] GET /styles.css 200 2.058 ms - 5537
[2021-09-01, 22:23 pm] GET /client.js 304 0.751 ms - -
[2021-09-01, 22:23 pm] POST /sendEmoji?classLinkId=364?classId=394 200 29489.913 ms - 7712
[2021-09-01, 22:23 pm] GET /styles.css 304 0.677 ms - -
[2021-09-01, 22:23 pm] GET /history?classLinkId=364?classId=394 200 11586.723 ms - 15848
[2021-09-01, 22:23 pm] GET / 200 997.219 ms - 12327
[2021-09-01, 22:23 pm] GET /styles.css 304 1.481 ms - -
[2021-09-01, 22:23 pm] GET / 302 12.892 ms - 76
[2021-09-01, 22:23 pm] GET /instructorLogin 200 4.657 ms - 2796
[2021-09-01, 22:24 pm] POST /instructorLogin 302 2330.620 ms - 76
[2021-09-01, 22:24 pm] GET /instructorLogin 200 41.284 ms - 2996
[2021-09-01, 22:24 pm] POST /instructorLogin 302 2196.391 ms - 76
[2021-09-01, 22:24 pm] GET /instructorLogin 200 39.938 ms - 3058
[2021-09-01, 22:25 pm] GET /instructorRegister 200 38.896 ms - 3178
[2021-09-01, 22:25 pm] POST /instructorRegister 302 83.367 ms - 66
[2021-09-01, 22:25 pm] GET /instructor 200 83.001 ms - 1700
[2021-09-01, 22:25 pm] POST /getClassLink 200 65.988 ms - 997
[2021-09-01, 22:26 pm] GET /EmojiSharing?classLinkId=364?classId=394 304 102.356 ms - -
[2021-09-01, 22:26 pm] GET /styles.css 304 1.194 ms - -
[2021-09-01, 22:26 pm] GET /images/emojiSmile2.png 304 0.898 ms - -
[2021-09-01, 22:26 pm] GET /login?classLinkId=364&classId=394&submit=Login 200 2245.730 ms - 2668
[2021-09-01, 22:26 pm] POST /login?classLinkId=364?classId=394 302 2529.281 ms - 62
[2021-09-01, 22:26 pm] GET /register 200 79.883 ms - 4794
[2021-09-01, 22:26 pm] POST /signUp?classLinkId=364?classId=394 200 4432.451 ms - 3002
[2021-09-01, 22:27 pm] POST /login?classLinkId=364?classId=394 302 2141.106 ms - 62
[2021-09-01, 22:27 pm] GET /register 200 71.525 ms - 4841
[2021-09-01, 22:27 pm] POST /signUp?classLinkId=364?classId=394 200 1955.305 ms - 4846
[2021-09-01, 22:27 pm] GET /signUp? 404 35.223 ms - 145
[2021-09-01, 22:28 pm] POST /register?classLinkId=364?classId=394 200 244.087 ms - 2990
[2021-09-01, 22:28 pm] GET /register? 200 40.644 ms - 4917
[2021-09-01, 22:28 pm] GET /login? 200 51.268 ms - 2704
[2021-09-01, 22:34 pm] GET /login? 304 2416.194 ms - -
[2021-09-01, 22:34 pm] POST /login?classLinkId=not_found?classId=not_found 302 7273.858 ms - 62
[2021-09-01, 22:34 pm] GET /register 200 36.406 ms - 4917
[2021-09-01, 22:35 pm] GET /getClassLink 200 67.966 ms - 1537
[2021-09-01, 22:35 pm] POST /getClassLink 200 80.785 ms - 997
[2021-09-01, 22:35 pm] GET /EmojiSharing?classLinkId=364?classId=394 304 95.095 ms - -
[2021-09-01, 22:35 pm] GET /styles.css 304 1.385 ms - -
[2021-09-01, 22:35 pm] GET /images/emojiSmile2.png 200 3.003 ms - 129038
[2021-09-01, 22:35 pm] GET /login?classLinkId=364&classId=394&submit=Login 200 35.517 ms - 2668
[2021-09-01, 22:35 pm] POST /login?classLinkId=364?classId=394 302 176.030 ms - 62
[2021-09-01, 22:35 pm] GET /register 200 82.796 ms - 4794
[2021-09-01, 22:35 pm] GET /login?classLinkId=364?classId=394 200 41.485 ms - 2722
[2021-09-01, 22:35 pm] POST /login?classLinkId=364?classId=394?classId=not_found 302 76.368 ms - 62
[2021-09-01, 22:35 pm] GET /register 200 78.902 ms - 4901
[2021-09-01, 22:35 pm] POST /signUp?classLinkId=364?classId=394 200 196.556 ms - 3001
[2021-09-01, 22:35 pm] POST /login?classLinkId=364?classId=394 302 155.478 ms - 62
[2021-09-01, 22:35 pm] GET /register 200 48.118 ms - 4794
[2021-09-01, 22:36 pm] GET /login?classLinkId=364?classId=394 200 45.725 ms - 2722
[2021-09-01, 22:36 pm] POST /login?classLinkId=364?classId=394?classId=not_found 302 76.771 ms - 62
[2021-09-01, 22:36 pm] GET /register 200 47.888 ms - 4901
[2021-09-01, 22:36 pm] POST /signUp?classLinkId=364?classId=394 200 126.488 ms - 3001
[2021-09-01, 22:36 pm] POST /login?classLinkId=364?classId=394 302 135.771 ms - 64
[2021-09-01, 22:36 pm] GET /styles.css 304 0.757 ms - -
[2021-09-01, 22:36 pm] GET /client.js 200 1.720 ms - 897
[2021-09-01, 22:36 pm] GET /sendEmoji 200 76.196 ms - 7705
[2021-09-01, 22:36 pm] POST /sendEmoji?classLinkId=364?classId=394 200 301.062 ms - 7705
[2021-09-01, 22:36 pm] GET /styles.css 304 0.995 ms - -
[2021-09-01, 22:36 pm] GET /client.js 304 1.373 ms - -
[2021-09-01, 22:36 pm] POST /sendEmoji?classLinkId=364?classId=394 200 447.451 ms - 7705
[2021-09-01, 22:36 pm] GET /styles.css 304 1.175 ms - -
[2021-09-01, 22:36 pm] GET /client.js 304 0.771 ms - -
[2021-09-01, 22:36 pm] POST /sendEmoji?classLinkId=364?classId=394 200 320.214 ms - 7705
[2021-09-01, 22:36 pm] GET /styles.css 304 0.802 ms - -
[2021-09-01, 22:36 pm] GET /client.js 304 0.702 ms - -
[2021-09-01, 22:37 pm] POST /sendEmoji?classLinkId=364?classId=394 200 319.653 ms - 7705
[2021-09-01, 22:37 pm] GET /styles.css 304 2.498 ms - -
[2021-09-01, 22:37 pm] GET /client.js 304 0.964 ms - -
[2021-09-01, 22:37 pm] GET /styles.css 304 0.825 ms - -
[2021-09-01, 22:37 pm] POST /history?classLinkId=364?classId=394 200 354.507 ms - 15415
[2021-09-01, 22:37 pm] GET /styles.css 304 1.397 ms - -
[2021-09-01, 22:37 pm] GET /client.js 304 0.530 ms - -
[2021-09-01, 22:37 pm] POST /sendEmoji?classLinkId=364?classId=394 200 257.785 ms - 7705
[2021-09-01, 22:37 pm] GET /styles.css 304 1.155 ms - -
[2021-09-01, 22:37 pm] GET /client.js 304 1.060 ms - -
[2021-09-01, 22:37 pm] POST /sendEmoji?classLinkId=364?classId=394 200 438.371 ms - 7714
[2021-09-01, 22:37 pm] GET /styles.css 304 0.567 ms - -
[2021-09-01, 22:37 pm] GET /client.js 304 0.566 ms - -
[2021-09-01, 22:37 pm] POST /sendEmoji?classLinkId=364?classId=394 200 319.715 ms - 7714
[2021-09-01, 22:37 pm] GET /styles.css 304 0.575 ms - -
[2021-09-01, 22:37 pm] POST /history?classLinkId=364?classId=394 200 263.062 ms - 16619
[2021-09-01, 22:37 pm] POST /sendEmoji?classLinkId=364?classId=394 200 358.659 ms - 7714
[2021-09-01, 22:37 pm] GET /styles.css 304 0.925 ms - -
[2021-09-01, 22:37 pm] GET /client.js 304 1.387 ms - -
[2021-09-01, 22:37 pm] GET /styles.css 304 0.571 ms - -
[2021-09-01, 22:37 pm] POST /history?classLinkId=364?classId=394 200 212.301 ms - 16619
[2021-09-01, 22:38 pm] GET /styles.css 304 0.866 ms - -
[2021-09-01, 22:38 pm] GET /history?classLinkId=364?classId=394 200 238.535 ms - 16610
[2021-09-01, 22:38 pm] GET /history?classLinkId=364?classId=394 304 249.739 ms - -
[2021-09-01, 22:38 pm] GET /styles.css 304 3.405 ms - -
[2021-09-01, 22:38 pm] POST /sendEmoji?classLinkId=364?classId=394 200 292.114 ms - 7714
[2021-09-01, 22:38 pm] GET /styles.css 304 1.227 ms - -
[2021-09-01, 22:38 pm] GET /client.js 304 0.874 ms - -
[2021-09-01, 22:38 pm] GET /styles.css 304 0.642 ms - -
[2021-09-01, 22:38 pm] GET /history?classLinkId=364?classId=394 200 182.909 ms - 17170
[2021-09-01, 22:41 pm] GET /history?classLinkId=364?classId=394 500 104602.241 ms - 2080
[2021-09-01, 22:41 pm] GET /styles.css 304 0.772 ms - -
[2021-09-01, 22:41 pm] GET /client.js 304 0.547 ms - -
[2021-09-01, 22:41 pm] POST /sendEmoji?classLinkId=364?classId=394 200 186662.826 ms - 7714
[2021-09-01, 22:41 pm] GET /styles.css 304 0.515 ms - -
[2021-09-01, 22:41 pm] GET /history?classLinkId=364?classId=394 200 104957.260 ms - 17170
[2021-09-01, 22:41 pm] GET /history?classLinkId=364?classId=394 200 104975.031 ms - 17170
[2021-09-01, 22:52 pm] GET / 200 123.848 ms - 1696
[2021-09-01, 22:52 pm] POST /getClassLink 200 77.235 ms - 997
[2021-09-01, 22:52 pm] GET /styles.css 200 3.192 ms - 5537
[2021-09-01, 22:52 pm] GET /EmojiSharing?classLinkId=370?classId=400 200 85.485 ms - 1526
[2021-09-01, 22:52 pm] GET /images/emojiSmile2.png 200 3.580 ms - 129038
[2021-09-01, 22:52 pm] GET /register?classLinkId=370&classId=400&submit=Register 200 84.551 ms - 4901
[2021-09-01, 22:53 pm] GET /register?classLinkId=370&classId=400&submit=Register 200 21.066 ms - 4635
[2021-09-01, 22:55 pm] POST /signUp?classLinkId=370?classId=400 200 102327.587 ms - 2999
[2021-09-01, 22:55 pm] POST /login?classLinkId=370?classId=400 302 22960.176 ms - 64
[2021-09-01, 22:55 pm] GET /styles.css 304 0.899 ms - -
[2021-09-01, 22:55 pm] GET /sendEmoji 200 153.457 ms - 7703
[2021-09-01, 22:55 pm] GET /client.js 304 0.757 ms - -
[2021-09-01, 23:00 pm] POST /sendEmoji?classLinkId=370?classId=400 200 37356.441 ms - 7703
[2021-09-01, 23:00 pm] GET /styles.css 304 2.071 ms - -
[2021-09-01, 23:00 pm] GET /client.js 304 1.522 ms - -
